#
# A fatal error has been detected by the Java Runtime Environment:
#
#  EXCEPTION_ACCESS_VIOLATION (0xc0000005) at pc=0xffffffffa3375120, pid=656, tid=0x0000000000000c7c
#
# JRE version: Java(TM) SE Runtime Environment (8.0_111-b14) (build 1.8.0_111-b14)
# Java VM: Java HotSpot(TM) 64-Bit Server VM (25.111-b14 mixed mode windows-amd64 compressed oops)
# Problematic frame:
# C  0xffffffffa3375120
#
# Failed to write core dump. Minidumps are not enabled by default on client versions of Windows
#
# If you would like to submit a bug report, please visit:
#   http://bugreport.java.com/bugreport/crash.jsp
#

---------------  T H R E A D  ---------------

Current thread (0x000000001656c800):  JavaThread "AWT-EventQueue-0" [_thread_in_Java, id=3196, stack(0x0000000016d20000,0x0000000016e20000)]

siginfo: ExceptionCode=0xc0000005, ExceptionInformation=0x0000000000000008 0xffffffffa3375120

Registers:
RAX=0x0000000000000000, RBX=0x0000000046390648, RCX=0x00000000ebe3a520, RDX=0x00000000ebe3a4e0
RSP=0x0000000016e1c498, RBP=0x0000000016e1c568, RSI=0x000000000000000d, RDI=0x0000000046390648
R8 =0x00000000eae3d7c0, R9 =0x0000000000000000, R10=0x0000000000000011, R11=0x0000000000000000
R12=0x0000000000000000, R13=0x0000000000000001, R14=0x0000000000000007, R15=0x000000001656c800
RIP=0xffffffffa3375120, EFLAGS=0x0000000000010206

Top of Stack: (sp=0x0000000016e1c498)
0x0000000016e1c498:   000000000258a59c 00000000ebdd0420
0x0000000016e1c4a8:   000000006443d0a5 00000000ebdc1890
0x0000000016e1c4b8:   00000000ebdc1858 00000000ebdd0420
0x0000000016e1c4c8:   00000000ebe3a4e0 00000000ebdc1890
0x0000000016e1c4d8:   00000000ebe3a4e0 00000000eae3d7c0
0x0000000016e1c4e8:   00000000ebdc1858 00000000ebdc1890
0x0000000016e1c4f8:   00000000ebdc1858 0000000016e1c568
0x0000000016e1c508:   0000000002377e20 0000000002377e20
0x0000000016e1c518:   00000000eae3d7c0 00000000ebe3a4e0
0x0000000016e1c528:   0000000016e1c528 0000000014430b1a
0x0000000016e1c538:   0000000016e1c588 0000000014432ce8
0x0000000016e1c548:   0000000000000000 0000000014430b38
0x0000000016e1c558:   0000000016e1c518 0000000016e1c580
0x0000000016e1c568:   0000000016e1c5d0 0000000002377e20
0x0000000016e1c578:   0000000000000000 00000000eae3d7c0
0x0000000016e1c588:   00000000ebe3a4e0 0000000016e1c590 

Instructions: (pc=0xffffffffa3375120)
0xffffffffa3375100:   
[error occurred during error reporting (printing registers, top of stack, instructions near pc), id 0xc0000005]

Register to memory mapping:

RAX=0x0000000000000000 is an unknown value
RBX=0x0000000046390648 is an unknown value
RCX=0x00000000ebe3a520 is an oop
[Ljava.util.Hashtable$Entry; 
 - klass: 'java/util/Hashtable$Entry'[]
 - length: 700
RDX=0x00000000ebe3a4e0 is an oop
javax.swing.MultiUIDefaults 
 - klass: 'javax/swing/MultiUIDefaults'
RSP=0x0000000016e1c498 is pointing into the stack for thread: 0x000000001656c800
RBP=0x0000000016e1c568 is pointing into the stack for thread: 0x000000001656c800
RSI=0x000000000000000d is an unknown value
RDI=0x0000000046390648 is an unknown value
R8 =0x00000000eae3d7c0 is an oop
java.lang.String 
 - klass: 'java/lang/String'
R9 =0x0000000000000000 is an unknown value
R10=0x0000000000000011 is an unknown value
R11=0x0000000000000000 is an unknown value
R12=0x0000000000000000 is an unknown value
R13=0x0000000000000001 is an unknown value
R14=0x0000000000000007 is an unknown value
R15=0x000000001656c800 is a thread


Stack: [0x0000000016d20000,0x0000000016e20000],  sp=0x0000000016e1c498,  free space=1009k
Native frames: (J=compiled Java code, j=interpreted, Vv=VM code, C=native code)
C  0xffffffffa3375120


---------------  P R O C E S S  ---------------

Java Threads: ( => current thread )
  0x0000000019251000 JavaThread "MySQL Statement Cancellation Timer" daemon [_thread_blocked, id=1500, stack(0x000000001c270000,0x000000001c370000)]
  0x0000000018dcd000 JavaThread "D3D Screen Updater" daemon [_thread_blocked, id=2136, stack(0x000000001ad10000,0x000000001ae10000)]
  0x00000000167da000 JavaThread "TimerQueue" daemon [_thread_blocked, id=11076, stack(0x0000000019d40000,0x0000000019e40000)]
  0x000000000236e800 JavaThread "DestroyJavaVM" [_thread_blocked, id=9964, stack(0x0000000002100000,0x0000000002200000)]
=>0x000000001656c800 JavaThread "AWT-EventQueue-0" [_thread_in_Java, id=3196, stack(0x0000000016d20000,0x0000000016e20000)]
  0x0000000016561800 JavaThread "AWT-Windows" daemon [_thread_in_native, id=12204, stack(0x0000000016b60000,0x0000000016c60000)]
  0x000000001656f000 JavaThread "AWT-Shutdown" [_thread_blocked, id=4788, stack(0x0000000016a60000,0x0000000016b60000)]
  0x0000000016561000 JavaThread "Java2D Disposer" daemon [_thread_blocked, id=1404, stack(0x0000000016960000,0x0000000016a60000)]
  0x0000000014864800 JavaThread "Service Thread" daemon [_thread_blocked, id=10616, stack(0x0000000015a20000,0x0000000015b20000)]
  0x0000000014800800 JavaThread "C1 CompilerThread1" daemon [_thread_blocked, id=11384, stack(0x0000000015920000,0x0000000015a20000)]
  0x00000000147fd800 JavaThread "C2 CompilerThread0" daemon [_thread_blocked, id=7012, stack(0x0000000015820000,0x0000000015920000)]
  0x00000000147fc800 JavaThread "Attach Listener" daemon [_thread_blocked, id=12016, stack(0x0000000015720000,0x0000000015820000)]
  0x00000000147f9800 JavaThread "Signal Dispatcher" daemon [_thread_blocked, id=5616, stack(0x0000000015620000,0x0000000015720000)]
  0x0000000002309800 JavaThread "Finalizer" daemon [_thread_blocked, id=10456, stack(0x0000000015430000,0x0000000015530000)]
  0x00000000022ff800 JavaThread "Reference Handler" daemon [_thread_blocked, id=7656, stack(0x0000000015330000,0x0000000015430000)]

Other Threads:
  0x00000000147c6800 VMThread [stack: 0x0000000015230000,0x0000000015330000] [id=964]
  0x0000000014894800 WatcherThread [stack: 0x0000000015b20000,0x0000000015c20000] [id=3760]

VM state:not at safepoint (normal execution)

VM Mutex/Monitor currently owned by a thread: None

Heap:
 PSYoungGen      total 18944K, used 5961K [0x00000000eab00000, 0x00000000ec000000, 0x0000000100000000)
  eden space 16384K, 20% used [0x00000000eab00000,0x00000000eae53230,0x00000000ebb00000)
  from space 2560K, 99% used [0x00000000ebd80000,0x00000000ebfff278,0x00000000ec000000)
  to   space 2560K, 0% used [0x00000000ebb00000,0x00000000ebb00000,0x00000000ebd80000)
 ParOldGen       total 44032K, used 4554K [0x00000000c0000000, 0x00000000c2b00000, 0x00000000eab00000)
  object space 44032K, 10% used [0x00000000c0000000,0x00000000c0472a88,0x00000000c2b00000)
 Metaspace       used 19306K, capacity 19510K, committed 19712K, reserved 1067008K
  class space    used 2344K, capacity 2445K, committed 2560K, reserved 1048576K

Card table byte_map: [0x0000000011730000,0x0000000011940000] byte_map_base: 0x0000000011130000

Marking Bits: (ParMarkBitMap*) 0x0000000064aca6c0
 Begin Bits: [0x0000000011ca0000, 0x0000000012ca0000)
 End Bits:   [0x0000000012ca0000, 0x0000000013ca0000)

Polling page: 0x0000000000660000

CodeCache: size=245760Kb used=6576Kb max_used=6576Kb free=239183Kb
 bounds [0x0000000002370000, 0x00000000029e0000, 0x0000000011370000]
 total_blobs=2701 nmethods=2067 adapters=547
 compilation: enabled

Compilation events (10 events):
Event: 13.712 Thread 0x0000000014800800 2058       1       datechooser.view.appearance.swing.SwingCellAppearance::isEnabled (5 bytes)
Event: 13.712 Thread 0x0000000014800800 nmethod 2058 0x00000000029dcf90 code [0x00000000029dd0e0, 0x00000000029dd1f0]
Event: 13.712 Thread 0x0000000014800800 2062       1       datechooser.view.appearance.AppearancesList::getCurrent (5 bytes)
Event: 13.712 Thread 0x0000000014800800 nmethod 2062 0x00000000029dcc50 code [0x00000000029dcda0, 0x00000000029dceb0]
Event: 13.712 Thread 0x0000000014800800 2064       1       datechooser.view.appearance.swing.SwingCellAppearance::getComposite (2 bytes)
Event: 13.712 Thread 0x0000000014800800 nmethod 2064 0x00000000029de990 code [0x00000000029deae0, 0x00000000029debf0]
Event: 13.712 Thread 0x0000000014800800 2065       1       datechooser.view.appearance.swing.SwingCellAppearance::getRenderer (5 bytes)
Event: 13.712 Thread 0x0000000014800800 nmethod 2065 0x00000000029dec50 code [0x00000000029deda0, 0x00000000029deeb0]
Event: 13.712 Thread 0x0000000014800800 2066       1       javax.swing.Timer::isRepeats (5 bytes)
Event: 13.712 Thread 0x0000000014800800 nmethod 2066 0x00000000029def10 code [0x00000000029df060, 0x00000000029df170]

GC Heap History (4 events):
Event: 10.290 GC heap before
{Heap before GC invocations=1 (full 0):
 PSYoungGen      total 18944K, used 16384K [0x00000000eab00000, 0x00000000ec000000, 0x0000000100000000)
  eden space 16384K, 100% used [0x00000000eab00000,0x00000000ebb00000,0x00000000ebb00000)
  from space 2560K, 0% used [0x00000000ebd80000,0x00000000ebd80000,0x00000000ec000000)
  to   space 2560K, 0% used [0x00000000ebb00000,0x00000000ebb00000,0x00000000ebd80000)
 ParOldGen       total 44032K, used 0K [0x00000000c0000000, 0x00000000c2b00000, 0x00000000eab00000)
  object space 44032K, 0% used [0x00000000c0000000,0x00000000c0000000,0x00000000c2b00000)
 Metaspace       used 15289K, capacity 15478K, committed 15744K, reserved 1062912K
  class space    used 1987K, capacity 2061K, committed 2176K, reserved 1048576K
Event: 10.303 GC heap after
Heap after GC invocations=1 (full 0):
 PSYoungGen      total 18944K, used 2529K [0x00000000eab00000, 0x00000000ec000000, 0x0000000100000000)
  eden space 16384K, 0% used [0x00000000eab00000,0x00000000eab00000,0x00000000ebb00000)
  from space 2560K, 98% used [0x00000000ebb00000,0x00000000ebd784f8,0x00000000ebd80000)
  to   space 2560K, 0% used [0x00000000ebd80000,0x00000000ebd80000,0x00000000ec000000)
 ParOldGen       total 44032K, used 1964K [0x00000000c0000000, 0x00000000c2b00000, 0x00000000eab00000)
  object space 44032K, 4% used [0x00000000c0000000,0x00000000c01eb390,0x00000000c2b00000)
 Metaspace       used 15289K, capacity 15478K, committed 15744K, reserved 1062912K
  class space    used 1987K, capacity 2061K, committed 2176K, reserved 1048576K
}
Event: 11.314 GC heap before
{Heap before GC invocations=2 (full 0):
 PSYoungGen      total 18944K, used 18913K [0x00000000eab00000, 0x00000000ec000000, 0x0000000100000000)
  eden space 16384K, 100% used [0x00000000eab00000,0x00000000ebb00000,0x00000000ebb00000)
  from space 2560K, 98% used [0x00000000ebb00000,0x00000000ebd784f8,0x00000000ebd80000)
  to   space 2560K, 0% used [0x00000000ebd80000,0x00000000ebd80000,0x00000000ec000000)
 ParOldGen       total 44032K, used 1964K [0x00000000c0000000, 0x00000000c2b00000, 0x00000000eab00000)
  object space 44032K, 4% used [0x00000000c0000000,0x00000000c01eb390,0x00000000c2b00000)
 Metaspace       used 18817K, capacity 18998K, committed 19328K, reserved 1067008K
  class space    used 2309K, capacity 2381K, committed 2432K, reserved 1048576K
Event: 11.326 GC heap after
Heap after GC invocations=2 (full 0):
 PSYoungGen      total 18944K, used 2556K [0x00000000eab00000, 0x00000000ec000000, 0x0000000100000000)
  eden space 16384K, 0% used [0x00000000eab00000,0x00000000eab00000,0x00000000ebb00000)
  from space 2560K, 99% used [0x00000000ebd80000,0x00000000ebfff278,0x00000000ec000000)
  to   space 2560K, 0% used [0x00000000ebb00000,0x00000000ebb00000,0x00000000ebd80000)
 ParOldGen       total 44032K, used 4554K [0x00000000c0000000, 0x00000000c2b00000, 0x00000000eab00000)
  object space 44032K, 10% used [0x00000000c0000000,0x00000000c0472a88,0x00000000c2b00000)
 Metaspace       used 18817K, capacity 18998K, committed 19328K, reserved 1067008K
  class space    used 2309K, capacity 2381K, committed 2432K, reserved 1048576K
}

Deoptimization events (10 events):
Event: 3.285 Thread 0x000000001656c800 Uncommon trap: reason=class_check action=maybe_recompile pc=0x00000000024cbbe8 method=java.lang.String.equals(Ljava/lang/Object;)Z @ 8
Event: 3.285 Thread 0x000000001656c800 Uncommon trap: reason=class_check action=maybe_recompile pc=0x00000000024cbbe8 method=java.lang.String.equals(Ljava/lang/Object;)Z @ 8
Event: 3.285 Thread 0x000000001656c800 Uncommon trap: reason=class_check action=maybe_recompile pc=0x00000000024cbbe8 method=java.lang.String.equals(Ljava/lang/Object;)Z @ 8
Event: 3.293 Thread 0x000000001656c800 Uncommon trap: reason=class_check action=maybe_recompile pc=0x00000000024cbbe8 method=java.lang.String.equals(Ljava/lang/Object;)Z @ 8
Event: 11.257 Thread 0x000000001656c800 Uncommon trap: reason=class_check action=maybe_recompile pc=0x000000000264bb44 method=javax.swing.UIDefaults.getFromHashtable(Ljava/lang/Object;)Ljava/lang/Object; @ 122
Event: 11.258 Thread 0x000000001656c800 Uncommon trap: reason=class_check action=maybe_recompile pc=0x000000000264bb44 method=javax.swing.UIDefaults.getFromHashtable(Ljava/lang/Object;)Ljava/lang/Object; @ 122
Event: 11.261 Thread 0x000000001656c800 Uncommon trap: reason=class_check action=maybe_recompile pc=0x000000000264bb44 method=javax.swing.UIDefaults.getFromHashtable(Ljava/lang/Object;)Ljava/lang/Object; @ 122
Event: 11.261 Thread 0x000000001656c800 Uncommon trap: reason=class_check action=maybe_recompile pc=0x000000000264bb44 method=javax.swing.UIDefaults.getFromHashtable(Ljava/lang/Object;)Ljava/lang/Object; @ 122
Event: 11.418 Thread 0x000000001656c800 Uncommon trap: reason=unstable_if action=reinterpret pc=0x0000000002949b28 method=sun.font.CMap$CMapFormat4.getGlyph(I)C @ 181
Event: 13.256 Thread 0x000000001656c800 Uncommon trap: reason=unstable_if action=reinterpret pc=0x000000000296dd24 method=java.util.Calendar.complete()V @ 4

Internal exceptions (10 events):
Event: 0.235 Thread 0x000000000236e800 Exception <a 'java/security/PrivilegedActionException'> (0x00000000ead102b8) thrown at [C:\re\workspace\8-2-build-windows-amd64-cygwin\jdk8u111\7883\hotspot\src\share\vm\prims\jvm.cpp, line 1386]
Event: 0.235 Thread 0x000000000236e800 Exception <a 'java/security/PrivilegedActionException'> (0x00000000ead104c8) thrown at [C:\re\workspace\8-2-build-windows-amd64-cygwin\jdk8u111\7883\hotspot\src\share\vm\prims\jvm.cpp, line 1386]
Event: 0.299 Thread 0x000000000236e800 Exception <a 'java/security/PrivilegedActionException'> (0x00000000eae919a8) thrown at [C:\re\workspace\8-2-build-windows-amd64-cygwin\jdk8u111\7883\hotspot\src\share\vm\prims\jvm.cpp, line 1386]
Event: 0.299 Thread 0x000000000236e800 Exception <a 'java/security/PrivilegedActionException'> (0x00000000eae91bb8) thrown at [C:\re\workspace\8-2-build-windows-amd64-cygwin\jdk8u111\7883\hotspot\src\share\vm\prims\jvm.cpp, line 1386]
Event: 0.300 Thread 0x000000000236e800 Exception <a 'java/security/PrivilegedActionException'> (0x00000000eae95aa0) thrown at [C:\re\workspace\8-2-build-windows-amd64-cygwin\jdk8u111\7883\hotspot\src\share\vm\prims\jvm.cpp, line 1386]
Event: 0.300 Thread 0x000000000236e800 Exception <a 'java/security/PrivilegedActionException'> (0x00000000eae95cb0) thrown at [C:\re\workspace\8-2-build-windows-amd64-cygwin\jdk8u111\7883\hotspot\src\share\vm\prims\jvm.cpp, line 1386]
Event: 0.305 Thread 0x000000000236e800 Exception <a 'java/io/FileNotFoundException'> (0x00000000eae97f28) thrown at [C:\re\workspace\8-2-build-windows-amd64-cygwin\jdk8u111\7883\hotspot\src\share\vm\prims\jni.cpp, line 709]
Event: 0.346 Thread 0x000000000236e800 Exception <a 'java/lang/NoSuchFieldError': method resolution failed> (0x00000000eaf65f60) thrown at [C:\re\workspace\8-2-build-windows-amd64-cygwin\jdk8u111\7883\hotspot\src\share\vm\prims\methodHandles.cpp, line 1146]
Event: 0.355 Thread 0x000000000236e800 Exception <a 'java/lang/NoSuchFieldError': method resolution failed> (0x00000000eaf732b0) thrown at [C:\re\workspace\8-2-build-windows-amd64-cygwin\jdk8u111\7883\hotspot\src\share\vm\prims\methodHandles.cpp, line 1146]
Event: 0.427 Thread 0x000000000236e800 Exception <a 'java/io/FileNotFoundException'> (0x00000000eb0a7120) thrown at [C:\re\workspace\8-2-build-windows-amd64-cygwin\jdk8u111\7883\hotspot\src\share\vm\prims\jni.cpp, line 709]

Events (10 events):
Event: 11.481 loading class java/awt/KeyboardFocusManager$4 done
Event: 13.256 Thread 0x000000001656c800 Uncommon trap: trap_request=0xffffff65 fr.pc=0x000000000296dd24
Event: 13.256 Thread 0x000000001656c800 DEOPT PACKING pc=0x000000000296dd24 sp=0x0000000016e1c9a0
Event: 13.256 Thread 0x000000001656c800 DEOPT UNPACKING pc=0x00000000023b556a sp=0x0000000016e1c940 mode 2
Event: 13.696 loading class datechooser/model/multiple/MultyDateChooseModel$1
Event: 13.696 loading class datechooser/model/multiple/MultyDateChooseModel$1 done
Event: 13.697 loading class datechooser/events/CursorMoveEvent
Event: 13.697 loading class datechooser/events/CursorMoveEvent done
Event: 13.697 loading class datechooser/events/SelectionChangedEvent
Event: 13.697 loading class datechooser/events/SelectionChangedEvent done


Dynamic libraries:
0x00007ff774a50000 - 0x00007ff774a87000 	C:\Program Files\Java\jdk1.8.0_111\bin\java.exe
0x00007ffc83dc0000 - 0x00007ffc83fa1000 	C:\WINDOWS\SYSTEM32\ntdll.dll
0x00007ffc6d090000 - 0x00007ffc6d0a2000 	C:\Program Files\AVAST Software\Avast\aswhook.dll
0x00007ffc83490000 - 0x00007ffc83542000 	C:\WINDOWS\System32\KERNEL32.DLL
0x00007ffc80700000 - 0x00007ffc80973000 	C:\WINDOWS\System32\KERNELBASE.dll
0x00007ffc829e0000 - 0x00007ffc82a81000 	C:\WINDOWS\System32\ADVAPI32.dll
0x00007ffc83010000 - 0x00007ffc830ae000 	C:\WINDOWS\System32\msvcrt.dll
0x00007ffc82f40000 - 0x00007ffc82f9b000 	C:\WINDOWS\System32\sechost.dll
0x00007ffc82730000 - 0x00007ffc82854000 	C:\WINDOWS\System32\RPCRT4.dll
0x00007ffc83bf0000 - 0x00007ffc83d80000 	C:\WINDOWS\System32\USER32.dll
0x00007ffc81230000 - 0x00007ffc81250000 	C:\WINDOWS\System32\win32u.dll
0x00007ffc82f10000 - 0x00007ffc82f38000 	C:\WINDOWS\System32\GDI32.dll
0x00007ffc81090000 - 0x00007ffc81222000 	C:\WINDOWS\System32\gdi32full.dll
0x00007ffc801f0000 - 0x00007ffc8028f000 	C:\WINDOWS\System32\msvcp_win.dll
0x00007ffc80290000 - 0x00007ffc8038a000 	C:\WINDOWS\System32\ucrtbase.dll
0x00007ffc758c0000 - 0x00007ffc75b29000 	C:\WINDOWS\WinSxS\amd64_microsoft.windows.common-controls_6595b64144ccf1df_6.0.17134.1_none_e4da93291059d8fb\COMCTL32.dll
0x00007ffc830b0000 - 0x00007ffc833d3000 	C:\WINDOWS\System32\combase.dll
0x00007ffc80390000 - 0x00007ffc8040a000 	C:\WINDOWS\System32\bcryptPrimitives.dll
0x00007ffc83af0000 - 0x00007ffc83b1d000 	C:\WINDOWS\System32\IMM32.DLL
0x0000000064d70000 - 0x0000000064e42000 	C:\Program Files\Java\jdk1.8.0_111\jre\bin\msvcr100.dll
0x00000000642b0000 - 0x0000000064b4a000 	C:\Program Files\Java\jdk1.8.0_111\jre\bin\server\jvm.dll
0x00007ffc826b0000 - 0x00007ffc826b8000 	C:\WINDOWS\System32\PSAPI.DLL
0x00007ffc70e10000 - 0x00007ffc70e19000 	C:\WINDOWS\SYSTEM32\WSOCK32.dll
0x00007ffc82fa0000 - 0x00007ffc8300c000 	C:\WINDOWS\System32\WS2_32.dll
0x00007ffc7e430000 - 0x00007ffc7e453000 	C:\WINDOWS\SYSTEM32\WINMM.dll
0x00007ffc79430000 - 0x00007ffc7943a000 	C:\WINDOWS\SYSTEM32\VERSION.dll
0x00007ffc7e400000 - 0x00007ffc7e42a000 	C:\WINDOWS\SYSTEM32\WINMMBASE.dll
0x00007ffc80600000 - 0x00007ffc80649000 	C:\WINDOWS\System32\cfgmgr32.dll
0x0000000064d20000 - 0x0000000064d2f000 	C:\Program Files\Java\jdk1.8.0_111\jre\bin\verify.dll
0x0000000064cf0000 - 0x0000000064d19000 	C:\Program Files\Java\jdk1.8.0_111\jre\bin\java.dll
0x0000000064cd0000 - 0x0000000064ce6000 	C:\Program Files\Java\jdk1.8.0_111\jre\bin\zip.dll
0x00007ffc81250000 - 0x00007ffc82690000 	C:\WINDOWS\System32\SHELL32.dll
0x00007ffc833e0000 - 0x00007ffc83489000 	C:\WINDOWS\System32\shcore.dll
0x00007ffc80980000 - 0x00007ffc8108d000 	C:\WINDOWS\System32\windows.storage.dll
0x00007ffc83a90000 - 0x00007ffc83ae1000 	C:\WINDOWS\System32\shlwapi.dll
0x00007ffc80160000 - 0x00007ffc80171000 	C:\WINDOWS\System32\kernel.appcore.dll
0x00007ffc800d0000 - 0x00007ffc800ef000 	C:\WINDOWS\System32\profapi.dll
0x00007ffc800f0000 - 0x00007ffc8013c000 	C:\WINDOWS\System32\powrprof.dll
0x00007ffc80180000 - 0x00007ffc8018a000 	C:\WINDOWS\System32\FLTLIB.DLL
0x0000000064110000 - 0x00000000642a8000 	C:\Program Files\Java\jdk1.8.0_111\jre\bin\awt.dll
0x00007ffc83b20000 - 0x00007ffc83be2000 	C:\WINDOWS\System32\OLEAUT32.dll
0x00007ffc7e520000 - 0x00007ffc7e5ab000 	C:\WINDOWS\SYSTEM32\apphelp.dll
0x00007ffc7e5d0000 - 0x00007ffc7e668000 	C:\WINDOWS\system32\uxtheme.dll
0x00007ffc82860000 - 0x00007ffc829d5000 	C:\WINDOWS\System32\MSCTF.dll
0x00007ffc7e860000 - 0x00007ffc7e889000 	C:\WINDOWS\system32\dwmapi.dll
0x00007ffc82db0000 - 0x00007ffc82f01000 	C:\WINDOWS\System32\ole32.dll
0x00007ffc54940000 - 0x00007ffc54ad7000 	C:\WINDOWS\system32\d3d9.dll
0x00007ffc43f20000 - 0x00007ffc44fd6000 	C:\WINDOWS\SYSTEM32\nvd3dumx.dll
0x0000000064c40000 - 0x0000000064c87000 	C:\Program Files\Java\jdk1.8.0_111\jre\bin\fontmanager.dll
0x0000000064cb0000 - 0x0000000064cca000 	C:\Program Files\Java\jdk1.8.0_111\jre\bin\net.dll
0x00007ffc7f950000 - 0x00007ffc7f9b6000 	C:\WINDOWS\system32\mswsock.dll
0x0000000064c90000 - 0x0000000064ca1000 	C:\Program Files\Java\jdk1.8.0_111\jre\bin\nio.dll
0x00007ffc7fb00000 - 0x00007ffc7fb17000 	C:\WINDOWS\SYSTEM32\CRYPTSP.dll
0x00007ffc7f530000 - 0x00007ffc7f563000 	C:\WINDOWS\system32\rsaenh.dll
0x00007ffc7fc30000 - 0x00007ffc7fc55000 	C:\WINDOWS\SYSTEM32\bcrypt.dll
0x00007ffc7ffd0000 - 0x00007ffc7fff8000 	C:\WINDOWS\SYSTEM32\USERENV.dll
0x00007ffc7fb20000 - 0x00007ffc7fb2b000 	C:\WINDOWS\SYSTEM32\CRYPTBASE.dll
0x00007ffc7f6d0000 - 0x00007ffc7f708000 	C:\WINDOWS\SYSTEM32\IPHLPAPI.DLL
0x00007ffc82720000 - 0x00007ffc82728000 	C:\WINDOWS\System32\NSI.dll
0x00007ffc74ab0000 - 0x00007ffc74ac6000 	C:\WINDOWS\SYSTEM32\dhcpcsvc6.DLL
0x00007ffc74e70000 - 0x00007ffc74e8a000 	C:\WINDOWS\SYSTEM32\dhcpcsvc.DLL
0x0000000064bf0000 - 0x0000000064c32000 	C:\Program Files\Java\jdk1.8.0_111\jre\bin\t2k.dll
0x0000000064b70000 - 0x0000000064ba1000 	C:\Program Files\Java\jdk1.8.0_111\jre\bin\jpeg.dll
0x00007ffc82af0000 - 0x00007ffc82b90000 	C:\WINDOWS\System32\clbcatq.dll
0x00007ffc7ac10000 - 0x00007ffc7adbe000 	C:\WINDOWS\SYSTEM32\WindowsCodecs.dll
0x00007ffc75440000 - 0x00007ffc75498000 	C:\WINDOWS\system32\dataexchange.dll
0x00007ffc7cfd0000 - 0x00007ffc7d2db000 	C:\WINDOWS\system32\d3d11.dll
0x00007ffc7d8b0000 - 0x00007ffc7da4c000 	C:\WINDOWS\system32\dcomp.dll
0x00007ffc7ee90000 - 0x00007ffc7ef4b000 	C:\WINDOWS\system32\dxgi.dll
0x00007ffc7e9f0000 - 0x00007ffc7eba8000 	C:\WINDOWS\system32\twinapi.appcore.dll
0x00007ffc7e940000 - 0x00007ffc7e961000 	C:\WINDOWS\system32\RMCLIENT.dll
0x00007ffc7a180000 - 0x00007ffc7a218000 	C:\WINDOWS\System32\TextInputFramework.dll
0x00007ffc7a790000 - 0x00007ffc7aaae000 	C:\WINDOWS\System32\CoreUIComponents.dll
0x00007ffc7da50000 - 0x00007ffc7db2a000 	C:\WINDOWS\System32\CoreMessaging.dll
0x00007ffc7f1c0000 - 0x00007ffc7f1f1000 	C:\WINDOWS\SYSTEM32\ntmarta.dll
0x00007ffc7bad0000 - 0x00007ffc7bc1d000 	C:\WINDOWS\SYSTEM32\wintypes.dll
0x00007ffc7f720000 - 0x00007ffc7f7de000 	C:\WINDOWS\SYSTEM32\DNSAPI.dll
0x00007ffc719d0000 - 0x00007ffc719da000 	C:\Windows\System32\rasadhlp.dll
0x00007ffc727b0000 - 0x00007ffc72822000 	C:\WINDOWS\System32\fwpuclnt.dll
0x0000000064bb0000 - 0x0000000064bda000 	C:\Program Files\Java\jdk1.8.0_111\jre\bin\dcpr.dll
0x00007ffc701d0000 - 0x00007ffc70399000 	C:\WINDOWS\SYSTEM32\dbghelp.dll

VM Arguments:
jvm_args: -Dfile.encoding=UTF-8 
java_command: MainFrames.ChartFrame
java_class_path (initial): E:\Java\Jars\DateChooser.jar;E:\Java\Jars\RojeruSan.lib.jar;E:\Java\Jars\activation.jar;E:\Java\Jars\ant-1.7.1.jar;E:\Java\Jars\antlr-2.7.6.jar;E:\Java\Jars\asm-attrs.jar;E:\Java\Jars\asm.jar;E:\Java\Jars\barbecue-1.5-beta1.jar;E:\Java\Jars\barcode4j-2.0.jar;E:\Java\Jars\batik-anim.jar;E:\Java\Jars\batik-awt-util.jar;E:\Java\Jars\batik-bridge.jar;E:\Java\Jars\batik-css.jar;E:\Java\Jars\batik-dom.jar;E:\Java\Jars\batik-ext.jar;E:\Java\Jars\batik-gvt.jar;E:\Java\Jars\batik-parser.jar;E:\Java\Jars\batik-script.jar;E:\Java\Jars\batik-svg-dom.jar;E:\Java\Jars\batik-svggen.jar;E:\Java\Jars\batik-util.jar;E:\Java\Jars\batik-xml.jar;E:\Java\Jars\bcel-5.2.jar;E:\Java\Jars\bsh-2.1b5.jar;E:\Java\Jars\castor-1.2.jar;E:\Java\Jars\cglib-2.1.jar;E:\Java\Jars\cincom-jr-xmla.jar;E:\Java\Jars\commons-beanutils-1.8.2.jar;E:\Java\Jars\commons-collections-3.2.1.jar;E:\Java\Jars\commons-dbcp-1.2.2.jar;E:\Java\Jars\commons-digester-2.1.jar;E:\Java\Jars\commons-javaflow-20060411.jar;E:\Java\Jars\commons-logging-1.1.jar;E:\Java\Jars\commons-math-1.0.jar;E:\Java\Jars\commons-pool-1.3.jar;E:\Java\Jars\commons-pool-1.6.jar;E:\Java\Jars\commons-vfs-1.0.jar;E:\Java\Jars\core-2.2.jar;E:\Java\Jars\dom4j-1.6.jar;E:\Java\Jars\ehcache-1.1.jar;E:\Java\Jars\eigenbase-properties-1.1.0.10924.jar;E:\Java\Jars\eigenbase-resgen-1.3.0.11873.jar;E:\Java\Jars\eigenbase-xom-1.3.0.11999.jar;E:\Java\Jars\ejb3-persistence.jar;E:\Java\Jars\fxgraphics2d-1.5.jar;E:\Java\Jars\groovy-all-1.7.5.jar;E:\Java\Jars\hadoop-core-1.0.1.jar;E:\Java\Jars\hamcrest-core-1.3.jar;E:\Java\Jars\hibernate-annotations.jar;E:\Java\Jars\hibernate-commons-annotations.jar;E:\Java\Jars\hibernate3.jar;E:\Java\Jars\hive-common-0.8.1.jar;E:\Java\Jars\hive-exec-0.8.1.jar;E:\Java\Jars\hive-jdbc-0.8.1.jar;E:\Java\Jars\hive-metastore-0.8.1.jar;E:\Java\Jars\hive-service-0.8.1.jar;E:\Java\Jars\hsqldb-1.8.0-10.jar;E:\Java\Jars\iText-2.1.7.jar;E:\Java\Jars\iTextAsian.jar;E:\Java\Jars\jackson-core-asl-1.9.4.jar;E:\Java\Jars\
Launcher Type: SUN_STANDARD

Environment Variables:
CLASSPATH=.;.;.;C:\PROGRA~2\JMF21~1.1E\lib\sound.jar;C:\PROGRA~2\JMF21~1.1E\lib\jmf.jar;C:\PROGRA~2\JMF21~1.1E\lib;
PATH=C:\Program Files (x86)\Common Files\Oracle\Java\javapath;C:\Program Files (x86)\Anaconda3;C:\Program Files (x86)\Anaconda3\Library\mingw-w64\bin;C:\Program Files (x86)\Anaconda3\Library\usr\bin;C:\Program Files (x86)\Anaconda3\Library\bin;C:\Program Files (x86)\Anaconda3\Scripts;C:\ProgramData\Oracle\Java\javapath;C:\WINDOWS\system32;C:\WINDOWS;C:\WINDOWS\System32\Wbem;C:\WINDOWS\System32\WindowsPowerShell\v1.0\;C:\WINDOWS\System32\OpenSSH\;C:\Program Files (x86)\Java\jdk1.7.0\bin;C:\Program Files\Java\jdk1.8.0_111\bin;C:\Program Files\Microsoft SQL Server\120\Tools\Binn\;C:\Program Files\Microsoft VS Code\bin;C:\Program Files\Git\cmd;C:\MinGW\bin;C:\cygwin64\bin;C:\Program Files\Microsoft SQL Server\130\Tools\Binn\;C:\Program Files\dotnet\;C:\Program Files (x86)\MySQL\MySQL Server 5.1\bin;C:\Users\nuwan\AppData\Local\Programs\Python\Python35\Scripts\;C:\Users\nuwan\AppData\Local\Programs\Python\Python35\;C:\Users\nuwan\AppData\Local\Microsoft\WindowsApps;
USERNAME=Nuwantha
OS=Windows_NT
PROCESSOR_IDENTIFIER=Intel64 Family 6 Model 23 Stepping 10, GenuineIntel



---------------  S Y S T E M  ---------------

OS: Windows 10.0 , 64 bit Build 17134 (10.0.17134.1)

CPU:total 2 (2 cores per cpu, 1 threads per core) family 6 model 23 stepping 10, cmov, cx8, fxsr, mmx, sse, sse2, sse3, ssse3, sse4.1, tsc

Memory: 4k page, physical 4192748k(1738828k free), swap 5962220k(2939544k free)

vm_info: Java HotSpot(TM) 64-Bit Server VM (25.111-b14) for windows-amd64 JRE (1.8.0_111-b14), built on Sep 22 2016 19:24:05 by "java_re" with MS VC++ 10.0 (VS2010)

time: Thu Jan 24 12:37:52 2019
elapsed time: 13 seconds (0d 0h 0m 13s)

